#
# A fatal error has been detected by the Java Runtime Environment:
#
#  SIGSEGV (0xb) at pc=0x00007fff74412d72, pid=3140, tid=0x0000000000001303
#
# JRE version: Java(TM) SE Runtime Environment (8.0_144-b01) (build 1.8.0_144-b01)
# Java VM: Java HotSpot(TM) 64-Bit Server VM (25.144-b01 mixed mode bsd-amd64 compressed oops)
# Problematic frame:
# C  [vImage+0x90d72]  __vImageCopyBuffer_block_invoke+0xe2
#
# Failed to write core dump. Core dumps have been disabled. To enable core dumping, try "ulimit -c unlimited" before starting Java again
#
# If you would like to submit a bug report, please visit:
#   http://bugreport.java.com/bugreport/crash.jsp
#

---------------  T H R E A D  ---------------

Current thread is native thread

siginfo: si_signo: 11 (SIGSEGV), si_code: 1 (SEGV_MAPERR), si_addr: 0x000000014e905800

Registers:
RAX=0x00007fff918e6010, RBX=0x0000000000000000, RCX=0x000000000000c800, RDX=0x000000000000c800
RSP=0x000070000fafada0, RBP=0x000070000fafadd0, RSI=0x00000001b8977800, RDI=0x000000014e905800
R8 =0x0000000000000000, R9 =0x0000000000000000, R10=0x0000000000000004, R11=0x0000000000000246
R12=0x00000001b8977800, R13=0x000000000000242d, R14=0x000000014e905800, R15=0x00007fff5a3135f8
RIP=0x00007fff74412d72, EFLAGS=0x0000000000010202, ERR=0x0000000000000006
  TRAPNO=0x000000000000000e

Top of Stack: (sp=0x000070000fafada0)
0x000070000fafada0:   0000000105a0cf80 0000000000000000
0x000070000fafadb0:   000000000000908b 000000000000242d
0x000070000fafadc0:   00000000000009d3 0000000000000000
0x000070000fafadd0:   000070000fafadf0 00007fff8ca369cb
0x000070000fafade0:   0000000105a0cf80 0000000000000000
0x000070000fafadf0:   000070000fafae60 00007fff8ca368fb
0x000070000fafae00:   0000000000000000 00007fff5a3135f8
0x000070000fafae10:   00007fff74412c90 0000000105a0cf80
0x000070000fafae20:   0000000000000000 00007fff8ca539d2
0x000070000fafae30:   000000000000908b 0000000105a0d040
0x000070000fafae40:   00007fff95820370 0000000008000000
0x000070000fafae50:   00007fff958203a0 00007fff95820340
0x000070000fafae60:   000070000fafae80 00007fff8ca2a128
0x000070000fafae70:   000000010600a900 0000000105a0d040
0x000070000fafae80:   000070000fafaee0 00007fff8ca2c099
0x000070000fafae90:   000070000fafaeb0 00007fff8c176061
0x000070000fafaea0:   0000000000000000 0000000000000000
0x000070000fafaeb0:   00007fa9c2a6a038 000000004000005f
0x000070000fafaec0:   00000000000020ff 000070000fafb000
0x000070000fafaed0:   0000000000000000 0000000000001303
0x000070000fafaee0:   000070000fafaef0 00007fff8ca2bcb7
0x000070000fafaef0:   000070000fafaf50 00007fff8cc77736
0x000070000fafaf00:   0000000000000000 0000000000000015
0x000070000fafaf10:   0000000000000000 0000000000000000
0x000070000fafaf20:   0000000000000000 000000004000005f
0x000070000fafaf30:   00000000800020ff 000070000fafb000
0x000070000fafaf40:   0000000080000000 0000000000001303
0x000070000fafaf50:   000070000fafaf78 00007fff8cc77211
0x000070000fafaf60:   0000000000000000 0000000000000000
0x000070000fafaf70:   0000000000000000 0000000000000000
0x000070000fafaf80:   0000000000000000 0000000000000000
0x000070000fafaf90:   0000000000000000 0000000000000000 

Instructions: (pc=0x00007fff74412d72)
0x00007fff74412d52:   77 40 48 83 c3 01 49 8b 47 20 48 8b 40 08 48 3b
0x00007fff74412d62:   58 18 72 ba eb 0c 4c 89 f7 4c 89 e6 48 89 d1 fc
0x00007fff74412d72:   f3 a4 48 83 c4 08 5b 41 5c 41 5d 41 5e 41 5f 5d
0x00007fff74412d82:   c3 66 66 66 66 2e 0f 1f 84 00 00 00 00 00 55 48 

Register to memory mapping:

RAX=0x00007fff918e6010: _vImage_cpu_capabilities+0 in /System/Library/Frameworks/Accelerate.framework/Versions/A/Frameworks/vImage.framework/Versions/A/vImage at 0x00007fff74382000
RBX=0x0000000000000000 is an unknown value
RCX=0x000000000000c800 is an unknown value
RDX=0x000000000000c800 is an unknown value
RSP=0x000070000fafada0 is an unknown value
RBP=0x000070000fafadd0 is an unknown value
RSI=0x00000001b8977800 is an unknown value
RDI=0x000000014e905800 is an unknown value
R8 =0x0000000000000000 is an unknown value
R9 =0x0000000000000000 is an unknown value
R10=0x0000000000000004 is an unknown value
R11=0x0000000000000246 is an unknown value
R12=0x00000001b8977800 is an unknown value
R13=0x000000000000242d is an unknown value
R14=0x000000014e905800 is an unknown value
R15=0x00007fff5a3135f8 is pointing into the stack for thread: 0x00007fa9c313f000


Stack: [0x000070000fa7b000,0x000070000fafb000],  sp=0x000070000fafada0,  free space=511k
Native frames: (J=compiled Java code, j=interpreted, Vv=VM code, C=native code)
C  [vImage+0x90d72]  __vImageCopyBuffer_block_invoke+0xe2
C  [libdispatch.dylib+0xe9cb]  _dispatch_client_callout2+0x8
C  [libdispatch.dylib+0xe8fb]  _dispatch_apply_invoke+0xa0
C  [libdispatch.dylib+0x2128]  _dispatch_client_callout+0x8
C  [libdispatch.dylib+0x4099]  _dispatch_root_queue_drain+0x395
C  [libdispatch.dylib+0x3cb7]  _dispatch_worker_thread3+0x63
C  [libsystem_pthread.dylib+0x3736]  _pthread_wqthread+0x513
C  [libsystem_pthread.dylib+0x3211]  start_wqthread+0xd


---------------  P R O C E S S  ---------------

VM state:not at safepoint (normal execution)

VM Mutex/Monitor currently owned by a thread: None

Heap:
 PSYoungGen      total 53760K, used 28086K [0x0000000795580000, 0x0000000798f80000, 0x00000007c0000000)
  eden space 48640K, 47% used [0x0000000795580000,0x0000000796bf39d8,0x0000000798500000)
  from space 5120K, 99% used [0x0000000798a80000,0x0000000798f7a070,0x0000000798f80000)
  to   space 5120K, 0% used [0x0000000798580000,0x0000000798580000,0x0000000798a80000)
 ParOldGen       total 70144K, used 27921K [0x0000000740000000, 0x0000000744480000, 0x0000000795580000)
  object space 70144K, 39% used [0x0000000740000000,0x0000000741b445c0,0x0000000744480000)
 Metaspace       used 31817K, capacity 33884K, committed 33920K, reserved 1079296K
  class space    used 4373K, capacity 4713K, committed 4736K, reserved 1048576K

Card table byte_map: [0x0000000107567000,0x0000000107968000] byte_map_base: 0x0000000103b67000

Marking Bits: (ParMarkBitMap*) 0x0000000106af35d0
 Begin Bits: [0x0000000117f6c000, 0x0000000119f6c000)
 End Bits:   [0x0000000119f6c000, 0x000000011bf6c000)

Polling page: 0x00000001059a5000

CodeCache: size=245760Kb used=12826Kb max_used=12826Kb free=232933Kb
 bounds [0x0000000108f6c000, 0x0000000109bfc000, 0x0000000117f6c000]
 total_blobs=5342 nmethods=4467 adapters=787
 compilation: enabled

Compilation events (10 events):
Event: 13.610 Thread 0x00007fa9c3836000 nmethod 4506 0x0000000109bf7f10 code [0x0000000109bf8060, 0x0000000109bf8258]
Event: 13.615 Thread 0x00007fa9c2037000 nmethod 4505 0x0000000109bf6410 code [0x0000000109bf6680, 0x0000000109bf7958]
Event: 13.615 Thread 0x00007fa9c2037000 4507  s    3       com.sun.webkit.Timer::getTimer (39 bytes)
Event: 13.615 Thread 0x00007fa9c2037000 nmethod 4507 0x0000000109bf5b10 code [0x0000000109bf5cc0, 0x0000000109bf6238]
Event: 13.696 Thread 0x00007fa9c2037000 4508       3       com.sun.javafx.geom.PickRay::getNearClip (5 bytes)
Event: 13.696 Thread 0x00007fa9c2037000 nmethod 4508 0x0000000109bf57d0 code [0x0000000109bf5920, 0x0000000109bf5a70]
Event: 13.696 Thread 0x00007fa9c2037000 4509       3       com.sun.javafx.geom.PickRay::getFarClip (5 bytes)
Event: 13.696 Thread 0x00007fa9c2037000 nmethod 4509 0x0000000109bf5490 code [0x0000000109bf55e0, 0x0000000109bf5730]
Event: 15.461 Thread 0x00007fa9c2037000 4510       1       sun.java2d.opengl.OGLRenderQueue::access$000 (5 bytes)
Event: 15.461 Thread 0x00007fa9c2037000 nmethod 4510 0x0000000109bf5110 code [0x0000000109bf5260, 0x0000000109bf5350]

GC Heap History (10 events):
Event: 2.408 GC heap before
{Heap before GC invocations=1 (full 0):
 PSYoungGen      total 38400K, used 33280K [0x0000000795580000, 0x0000000798000000, 0x00000007c0000000)
  eden space 33280K, 100% used [0x0000000795580000,0x0000000797600000,0x0000000797600000)
  from space 5120K, 0% used [0x0000000797b00000,0x0000000797b00000,0x0000000798000000)
  to   space 5120K, 0% used [0x0000000797600000,0x0000000797600000,0x0000000797b00000)
 ParOldGen       total 87552K, used 0K [0x0000000740000000, 0x0000000745580000, 0x0000000795580000)
  object space 87552K, 0% used [0x0000000740000000,0x0000000740000000,0x0000000745580000)
 Metaspace       used 18596K, capacity 19300K, committed 19456K, reserved 1067008K
  class space    used 2609K, capacity 2782K, committed 2816K, reserved 1048576K
Event: 2.419 GC heap after
Heap after GC invocations=1 (full 0):
 PSYoungGen      total 38400K, used 5112K [0x0000000795580000, 0x0000000798000000, 0x00000007c0000000)
  eden space 33280K, 0% used [0x0000000795580000,0x0000000795580000,0x0000000797600000)
  from space 5120K, 99% used [0x0000000797600000,0x0000000797afe0c0,0x0000000797b00000)
  to   space 5120K, 0% used [0x0000000797b00000,0x0000000797b00000,0x0000000798000000)
 ParOldGen       total 87552K, used 144K [0x0000000740000000, 0x0000000745580000, 0x0000000795580000)
  object space 87552K, 0% used [0x0000000740000000,0x0000000740024010,0x0000000745580000)
 Metaspace       used 18596K, capacity 19300K, committed 19456K, reserved 1067008K
  class space    used 2609K, capacity 2782K, committed 2816K, reserved 1048576K
}
Event: 2.825 GC heap before
{Heap before GC invocations=2 (full 0):
 PSYoungGen      total 38400K, used 31312K [0x0000000795580000, 0x0000000798000000, 0x00000007c0000000)
  eden space 33280K, 78% used [0x0000000795580000,0x0000000796f160c0,0x0000000797600000)
  from space 5120K, 99% used [0x0000000797600000,0x0000000797afe0c0,0x0000000797b00000)
  to   space 5120K, 0% used [0x0000000797b00000,0x0000000797b00000,0x0000000798000000)
 ParOldGen       total 87552K, used 144K [0x0000000740000000, 0x0000000745580000, 0x0000000795580000)
  object space 87552K, 0% used [0x0000000740000000,0x0000000740024010,0x0000000745580000)
 Metaspace       used 20150K, capacity 21176K, committed 21248K, reserved 1067008K
  class space    used 2838K, capacity 3060K, committed 3072K, reserved 1048576K
Event: 2.836 GC heap after
Heap after GC invocations=2 (full 0):
 PSYoungGen      total 38400K, used 5113K [0x0000000795580000, 0x000000079a080000, 0x00000007c0000000)
  eden space 33280K, 0% used [0x0000000795580000,0x0000000795580000,0x0000000797600000)
  from space 5120K, 99% used [0x0000000797b00000,0x0000000797ffe788,0x0000000798000000)
  to   space 5120K, 0% used [0x0000000797600000,0x0000000797600000,0x0000000797b00000)
 ParOldGen       total 87552K, used 8705K [0x0000000740000000, 0x0000000745580000, 0x0000000795580000)
  object space 87552K, 9% used [0x0000000740000000,0x0000000740880508,0x0000000745580000)
 Metaspace       used 20150K, capacity 21176K, committed 21248K, reserved 1067008K
  class space    used 2838K, capacity 3060K, committed 3072K, reserved 1048576K
}
Event: 2.836 GC heap before
{Heap before GC invocations=3 (full 1):
 PSYoungGen      total 38400K, used 5113K [0x0000000795580000, 0x000000079a080000, 0x00000007c0000000)
  eden space 33280K, 0% used [0x0000000795580000,0x0000000795580000,0x0000000797600000)
  from space 5120K, 99% used [0x0000000797b00000,0x0000000797ffe788,0x0000000798000000)
  to   space 5120K, 0% used [0x0000000797600000,0x0000000797600000,0x0000000797b00000)
 ParOldGen       total 87552K, used 8705K [0x0000000740000000, 0x0000000745580000, 0x0000000795580000)
  object space 87552K, 9% used [0x0000000740000000,0x0000000740880508,0x0000000745580000)
 Metaspace       used 20150K, capacity 21176K, committed 21248K, reserved 1067008K
  class space    used 2838K, capacity 3060K, committed 3072K, reserved 1048576K
Event: 2.872 GC heap after
Heap after GC invocations=3 (full 1):
 PSYoungGen      total 38400K, used 0K [0x0000000795580000, 0x000000079a080000, 0x00000007c0000000)
  eden space 33280K, 0% used [0x0000000795580000,0x0000000795580000,0x0000000797600000)
  from space 5120K, 0% used [0x0000000797b00000,0x0000000797b00000,0x0000000798000000)
  to   space 5120K, 0% used [0x0000000797600000,0x0000000797600000,0x0000000797b00000)
 ParOldGen       total 70144K, used 9898K [0x0000000740000000, 0x0000000744480000, 0x0000000795580000)
  object space 70144K, 14% used [0x0000000740000000,0x00000007409aa8b8,0x0000000744480000)
 Metaspace       used 20150K, capacity 21176K, committed 21248K, reserved 1067008K
  class space    used 2838K, capacity 3060K, committed 3072K, reserved 1048576K
}
Event: 5.691 GC heap before
{Heap before GC invocations=4 (full 1):
 PSYoungGen      total 38400K, used 33280K [0x0000000795580000, 0x000000079a080000, 0x00000007c0000000)
  eden space 33280K, 100% used [0x0000000795580000,0x0000000797600000,0x0000000797600000)
  from space 5120K, 0% used [0x0000000797b00000,0x0000000797b00000,0x0000000798000000)
  to   space 5120K, 0% used [0x0000000797600000,0x0000000797600000,0x0000000797b00000)
 ParOldGen       total 70144K, used 9898K [0x0000000740000000, 0x0000000744480000, 0x0000000795580000)
  object space 70144K, 14% used [0x0000000740000000,0x00000007409aa8b8,0x0000000744480000)
 Metaspace       used 24084K, capacity 25886K, committed 26112K, reserved 1071104K
  class space    used 3514K, capacity 3835K, committed 3840K, reserved 1048576K
Event: 5.703 GC heap after
Heap after GC invocations=4 (full 1):
 PSYoungGen      total 38400K, used 5106K [0x0000000795580000, 0x0000000798f80000, 0x00000007c0000000)
  eden space 33280K, 0% used [0x0000000795580000,0x0000000795580000,0x0000000797600000)
  from space 5120K, 99% used [0x0000000797600000,0x0000000797afca80,0x0000000797b00000)
  to   space 5120K, 0% used [0x0000000798a80000,0x0000000798a80000,0x0000000798f80000)
 ParOldGen       total 70144K, used 19234K [0x0000000740000000, 0x0000000744480000, 0x0000000795580000)
  object space 70144K, 27% used [0x0000000740000000,0x00000007412c88f8,0x0000000744480000)
 Metaspace       used 24084K, capacity 25886K, committed 26112K, reserved 1071104K
  class space    used 3514K, capacity 3835K, committed 3840K, reserved 1048576K
}
Event: 8.307 GC heap before
{Heap before GC invocations=5 (full 1):
 PSYoungGen      total 38400K, used 38386K [0x0000000795580000, 0x0000000798f80000, 0x00000007c0000000)
  eden space 33280K, 100% used [0x0000000795580000,0x0000000797600000,0x0000000797600000)
  from space 5120K, 99% used [0x0000000797600000,0x0000000797afca80,0x0000000797b00000)
  to   space 5120K, 0% used [0x0000000798a80000,0x0000000798a80000,0x0000000798f80000)
 ParOldGen       total 70144K, used 19234K [0x0000000740000000, 0x0000000744480000, 0x0000000795580000)
  object space 70144K, 27% used [0x0000000740000000,0x00000007412c88f8,0x0000000744480000)
 Metaspace       used 27016K, capacity 28966K, committed 29312K, reserved 1075200K
  class space    used 3812K, capacity 4152K, committed 4224K, reserved 1048576K
Event: 8.330 GC heap after
Heap after GC invocations=5 (full 1):
 PSYoungGen      total 53760K, used 5096K [0x0000000795580000, 0x0000000798f80000, 0x00000007c0000000)
  eden space 48640K, 0% used [0x0000000795580000,0x0000000795580000,0x0000000798500000)
  from space 5120K, 99% used [0x0000000798a80000,0x0000000798f7a070,0x0000000798f80000)
  to   space 5120K, 0% used [0x0000000798580000,0x0000000798580000,0x0000000798a80000)
 ParOldGen       total 70144K, used 27921K [0x0000000740000000, 0x0000000744480000, 0x0000000795580000)
  object space 70144K, 39% used [0x0000000740000000,0x0000000741b445c0,0x0000000744480000)
 Metaspace       used 27016K, capacity 28966K, committed 29312K, reserved 1075200K
  class space    used 3812K, capacity 4152K, committed 4224K, reserved 1048576K
}

Deoptimization events (10 events):
Event: 12.482 Thread 0x00007fa9c210c800 Uncommon trap: reason=unstable_if action=reinterpret pc=0x0000000109a58d1c method=java.lang.CharacterDataLatin1.digit(II)I @ 82
Event: 12.536 Thread 0x00007fa9c210c800 Uncommon trap: reason=bimorphic action=maybe_recompile pc=0x0000000109b5942c method=java.io.BufferedInputStream.read1([BII)I @ 39
Event: 12.540 Thread 0x00007fa9c210c800 Uncommon trap: reason=class_check action=maybe_recompile pc=0x0000000109b6315c method=java.io.DataInputStream.readChar()C @ 4
Event: 12.540 Thread 0x00007fa9c210c800 Uncommon trap: reason=class_check action=maybe_recompile pc=0x0000000109b6315c method=java.io.DataInputStream.readChar()C @ 4
Event: 12.540 Thread 0x00007fa9c210c800 Uncommon trap: reason=class_check action=maybe_recompile pc=0x0000000109b6315c method=java.io.DataInputStream.readChar()C @ 4
Event: 12.540 Thread 0x00007fa9c210c800 Uncommon trap: reason=class_check action=maybe_recompile pc=0x0000000109b6315c method=java.io.DataInputStream.readChar()C @ 4
Event: 12.751 Thread 0x00007fa9c210c800 Uncommon trap: reason=unstable_if action=reinterpret pc=0x000000010908253c method=java.util.Arrays.equals([B[B)Z @ 41
Event: 12.752 Thread 0x00007fa9c210c800 Uncommon trap: reason=unstable_if action=reinterpret pc=0x000000010942614c method=java.lang.String.indexOf([CII[CIII)I @ 27
Event: 12.752 Thread 0x00007fa9c210c800 Uncommon trap: reason=unstable_if action=reinterpret pc=0x0000000109a593ac method=java.lang.String.substring(I)Ljava/lang/String; @ 35
Event: 13.416 Thread 0x00007fa9c210c800 Uncommon trap: reason=bimorphic action=maybe_recompile pc=0x00000001099db0a8 method=java.net.URL.<init>(Ljava/net/URL;Ljava/lang/String;Ljava/net/URLStreamHandler;)V @ 504

Internal exceptions (10 events):
Event: 1.575 Thread 0x00007fa9c313f000 Exception <a 'java/io/FileNotFoundException'> (0x0000000796d1fd18) thrown at [/Users/java_re/workspace/8-2-build-macosx-x86_64/jdk8u144/9417/hotspot/src/share/vm/prims/jni.cpp, line 709]
Event: 1.593 Thread 0x00007fa9c313f000 Exception <a 'java/io/FileNotFoundException'> (0x0000000796d7ce28) thrown at [/Users/java_re/workspace/8-2-build-macosx-x86_64/jdk8u144/9417/hotspot/src/share/vm/prims/jni.cpp, line 709]
Event: 2.281 Thread 0x00007fa9c313f000 Exception <a 'java/io/FileNotFoundException'> (0x00000007973f2fa0) thrown at [/Users/java_re/workspace/8-2-build-macosx-x86_64/jdk8u144/9417/hotspot/src/share/vm/prims/jni.cpp, line 709]
Event: 2.281 Thread 0x00007fa9c313f000 Exception <a 'java/io/FileNotFoundException'> (0x00000007973f3d00) thrown at [/Users/java_re/workspace/8-2-build-macosx-x86_64/jdk8u144/9417/hotspot/src/share/vm/prims/jni.cpp, line 709]
Event: 2.595 Thread 0x00007fa9c313f000 Exception <a 'java/io/FileNotFoundException'> (0x000000079609c000) thrown at [/Users/java_re/workspace/8-2-build-macosx-x86_64/jdk8u144/9417/hotspot/src/share/vm/prims/jni.cpp, line 709]
Event: 2.598 Thread 0x00007fa9c313f000 Exception <a 'java/io/FileNotFoundException'> (0x00000007960add50) thrown at [/Users/java_re/workspace/8-2-build-macosx-x86_64/jdk8u144/9417/hotspot/src/share/vm/prims/jni.cpp, line 709]
Event: 8.392 Thread 0x00007fa9c313f000 Exception <a 'sun/nio/fs/UnixException'> (0x00000007956d4890) thrown at [/Users/java_re/workspace/8-2-build-macosx-x86_64/jdk8u144/9417/hotspot/src/share/vm/prims/jni.cpp, line 709]
Event: 8.395 Thread 0x00007fa9c313f000 Exception <a 'sun/nio/fs/UnixException'> (0x00000007956d6b50) thrown at [/Users/java_re/workspace/8-2-build-macosx-x86_64/jdk8u144/9417/hotspot/src/share/vm/prims/jni.cpp, line 709]
Event: 8.410 Thread 0x00007fa9c313f000 Implicit null exception at 0x000000010991b3ec to 0x00000001099231d9
Event: 8.410 Thread 0x00007fa9c313f000 Implicit null exception at 0x000000010994815c to 0x00000001099515c9

Events (10 events):
Event: 13.414 loading class sun/net/www/http/Hurryable
Event: 13.415 loading class sun/net/www/http/Hurryable done
Event: 13.415 loading class sun/net/www/http/ChunkedInputStream done
Event: 13.415 loading class sun/net/www/protocol/http/HttpURLConnection$HttpInputStream
Event: 13.415 loading class sun/net/www/protocol/http/HttpURLConnection$HttpInputStream done
Event: 13.416 Thread 0x00007fa9c210c800 Uncommon trap: trap_request=0xffffffc6 fr.pc=0x00000001099db0a8
Event: 13.416 Thread 0x00007fa9c210c800 DEOPT PACKING pc=0x00000001099db0a8 sp=0x0000700011b686e0
Event: 13.416 Thread 0x00007fa9c210c800 DEOPT UNPACKING pc=0x0000000108f71229 sp=0x0000700011b68688 mode 2
Event: 13.417 loading class java/util/zip/GZIPInputStream$1
Event: 13.417 loading class java/util/zip/GZIPInputStream$1 done


Dynamic libraries:
0x00000000024ba000 	/System/Library/Frameworks/Cocoa.framework/Versions/A/Cocoa
0x00000000024ba000 	/System/Library/Frameworks/Security.framework/Versions/A/Security
0x00000000024ba000 	/System/Library/Frameworks/ApplicationServices.framework/Versions/A/ApplicationServices
0x00000000024ba000 	/usr/lib/libz.1.dylib
0x00000000024ba000 	/usr/lib/libSystem.B.dylib
0x00000000024ba000 	/usr/lib/libobjc.A.dylib
0x00000000024ba000 	/System/Library/Frameworks/CoreFoundation.framework/Versions/A/CoreFoundation
0x00000000024ba000 	/System/Library/Frameworks/Foundation.framework/Versions/C/Foundation
0x00000000024ba000 	/System/Library/Frameworks/AppKit.framework/Versions/C/AppKit
0x00000000024ba000 	/System/Library/Frameworks/CoreData.framework/Versions/A/CoreData
0x00000000024ba000 	/System/Library/PrivateFrameworks/RemoteViewServices.framework/Versions/A/RemoteViewServices
0x00000000024ba000 	/System/Library/PrivateFrameworks/UIFoundation.framework/Versions/A/UIFoundation
0x00000000024ba000 	/System/Library/PrivateFrameworks/DFRFoundation.framework/Versions/A/DFRFoundation
0x00000000024ba000 	/usr/lib/libenergytrace.dylib
0x00000000024ba000 	/System/Library/PrivateFrameworks/SkyLight.framework/Versions/A/SkyLight
0x00000000024ba000 	/System/Library/Frameworks/CoreGraphics.framework/Versions/A/CoreGraphics
0x00000000024ba000 	/usr/lib/libScreenReader.dylib
0x00000000024ba000 	/System/Library/Frameworks/Accelerate.framework/Versions/A/Accelerate
0x00000000024ba000 	/System/Library/Frameworks/IOSurface.framework/Versions/A/IOSurface
0x00000000024ba000 	/System/Library/Frameworks/AudioToolbox.framework/Versions/A/AudioToolbox
0x00000000024ba000 	/System/Library/Frameworks/AudioUnit.framework/Versions/A/AudioUnit
0x00000000024ba000 	/System/Library/PrivateFrameworks/DataDetectorsCore.framework/Versions/A/DataDetectorsCore
0x00000000024ba000 	/System/Library/PrivateFrameworks/DesktopServicesPriv.framework/Versions/A/DesktopServicesPriv
0x00000000024ba000 	/System/Library/Frameworks/Carbon.framework/Versions/A/Frameworks/HIToolbox.framework/Versions/A/HIToolbox
0x00000000024ba000 	/usr/lib/libicucore.A.dylib
0x00000000024ba000 	/System/Library/Frameworks/QuartzCore.framework/Versions/A/QuartzCore
0x00000000024ba000 	/System/Library/Frameworks/Carbon.framework/Versions/A/Frameworks/SpeechRecognition.framework/Versions/A/SpeechRecognition
0x00000000024ba000 	/usr/lib/libauto.dylib
0x00000000024ba000 	/usr/lib/libxml2.2.dylib
0x00000000024ba000 	/System/Library/PrivateFrameworks/CoreUI.framework/Versions/A/CoreUI
0x00000000024ba000 	/System/Library/Frameworks/CoreAudio.framework/Versions/A/CoreAudio
0x00000000024ba000 	/System/Library/Frameworks/DiskArbitration.framework/Versions/A/DiskArbitration
0x00000000024ba000 	/usr/lib/liblangid.dylib
0x00000000024ba000 	/System/Library/PrivateFrameworks/MultitouchSupport.framework/Versions/A/MultitouchSupport
0x00000000024ba000 	/System/Library/Frameworks/IOKit.framework/Versions/A/IOKit
0x00000000024ba000 	/usr/lib/libDiagnosticMessagesClient.dylib
0x00000000024ba000 	/System/Library/Frameworks/CoreServices.framework/Versions/A/CoreServices
0x00000000024ba000 	/System/Library/PrivateFrameworks/PerformanceAnalysis.framework/Versions/A/PerformanceAnalysis
0x00000000024ba000 	/System/Library/PrivateFrameworks/GenerationalStorage.framework/Versions/A/GenerationalStorage
0x00000000024ba000 	/System/Library/Frameworks/OpenGL.framework/Versions/A/OpenGL
0x00000000024ba000 	/System/Library/Frameworks/CoreImage.framework/Versions/A/CoreImage
0x00000000024ba000 	/System/Library/Frameworks/CoreText.framework/Versions/A/CoreText
0x00000000024ba000 	/System/Library/Frameworks/ImageIO.framework/Versions/A/ImageIO
0x00000000024ba000 	/System/Library/PrivateFrameworks/Backup.framework/Versions/A/Backup
0x00000000024ba000 	/usr/lib/libarchive.2.dylib
0x00000000024ba000 	/System/Library/Frameworks/CFNetwork.framework/Versions/A/CFNetwork
0x00000000024ba000 	/System/Library/Frameworks/SystemConfiguration.framework/Versions/A/SystemConfiguration
0x00000000024ba000 	/usr/lib/libCRFSuite.dylib
0x00000000024ba000 	/usr/lib/libc++.1.dylib
0x00000000024ba000 	/usr/lib/libc++abi.dylib
0x00000000024ba000 	/usr/lib/system/libcache.dylib
0x00000000024ba000 	/usr/lib/system/libcommonCrypto.dylib
0x00000000024ba000 	/usr/lib/system/libcompiler_rt.dylib
0x00000000024ba000 	/usr/lib/system/libcopyfile.dylib
0x00000000024ba000 	/usr/lib/system/libcorecrypto.dylib
0x00000000024ba000 	/usr/lib/system/libdispatch.dylib
0x00000000024ba000 	/usr/lib/system/libdyld.dylib
0x00000000024ba000 	/usr/lib/system/libkeymgr.dylib
0x00000000024ba000 	/usr/lib/system/liblaunch.dylib
0x00000000024ba000 	/usr/lib/system/libmacho.dylib
0x00000000024ba000 	/usr/lib/system/libquarantine.dylib
0x00000000024ba000 	/usr/lib/system/libremovefile.dylib
0x00000000024ba000 	/usr/lib/system/libsystem_asl.dylib
0x00000000024ba000 	/usr/lib/system/libsystem_blocks.dylib
0x00000000024ba000 	/usr/lib/system/libsystem_c.dylib
0x00000000024ba000 	/usr/lib/system/libsystem_configuration.dylib
0x00000000024ba000 	/usr/lib/system/libsystem_coreservices.dylib
0x00000000024ba000 	/usr/lib/system/libsystem_coretls.dylib
0x00000000024ba000 	/usr/lib/system/libsystem_dnssd.dylib
0x00000000024ba000 	/usr/lib/system/libsystem_info.dylib
0x00000000024ba000 	/usr/lib/system/libsystem_kernel.dylib
0x00000000024ba000 	/usr/lib/system/libsystem_m.dylib
0x00000000024ba000 	/usr/lib/system/libsystem_malloc.dylib
0x00000000024ba000 	/usr/lib/system/libsystem_network.dylib
0x00000000024ba000 	/usr/lib/system/libsystem_networkextension.dylib
0x00000000024ba000 	/usr/lib/system/libsystem_notify.dylib
0x00000000024ba000 	/usr/lib/system/libsystem_platform.dylib
0x00000000024ba000 	/usr/lib/system/libsystem_pthread.dylib
0x00000000024ba000 	/usr/lib/system/libsystem_sandbox.dylib
0x00000000024ba000 	/usr/lib/system/libsystem_secinit.dylib
0x00000000024ba000 	/usr/lib/system/libsystem_symptoms.dylib
0x00000000024ba000 	/usr/lib/system/libsystem_trace.dylib
0x00000000024ba000 	/usr/lib/system/libunwind.dylib
0x00000000024ba000 	/usr/lib/system/libxpc.dylib
0x00000000024ba000 	/usr/lib/libbsm.0.dylib
0x00000000024ba000 	/usr/lib/system/libkxld.dylib
0x00000000024ba000 	/usr/lib/libcoretls.dylib
0x00000000024ba000 	/usr/lib/libcoretls_cfhelpers.dylib
0x00000000024ba000 	/usr/lib/libxar.1.dylib
0x00000000024ba000 	/usr/lib/libsqlite3.dylib
0x00000000024ba000 	/usr/lib/libpam.2.dylib
0x00000000024ba000 	/usr/lib/libOpenScriptingUtil.dylib
0x00000000024ba000 	/usr/lib/libbz2.1.0.dylib
0x00000000024ba000 	/usr/lib/liblzma.5.dylib
0x00000000024ba000 	/usr/lib/libnetwork.dylib
0x00000000024ba000 	/usr/lib/libpcap.A.dylib
0x00000000024ba000 	/System/Library/Frameworks/CoreServices.framework/Versions/A/Frameworks/FSEvents.framework/Versions/A/FSEvents
0x00000000024ba000 	/System/Library/Frameworks/CoreServices.framework/Versions/A/Frameworks/CarbonCore.framework/Versions/A/CarbonCore
0x00000000024ba000 	/System/Library/Frameworks/CoreServices.framework/Versions/A/Frameworks/Metadata.framework/Versions/A/Metadata
0x00000000024ba000 	/System/Library/Frameworks/CoreServices.framework/Versions/A/Frameworks/OSServices.framework/Versions/A/OSServices
0x00000000024ba000 	/System/Library/Frameworks/CoreServices.framework/Versions/A/Frameworks/SearchKit.framework/Versions/A/SearchKit
0x00000000024ba000 	/System/Library/Frameworks/CoreServices.framework/Versions/A/Frameworks/AE.framework/Versions/A/AE
0x00000000024ba000 	/System/Library/Frameworks/CoreServices.framework/Versions/A/Frameworks/LaunchServices.framework/Versions/A/LaunchServices
0x00000000024ba000 	/System/Library/Frameworks/CoreServices.framework/Versions/A/Frameworks/DictionaryServices.framework/Versions/A/DictionaryServices
0x00000000024ba000 	/System/Library/Frameworks/CoreServices.framework/Versions/A/Frameworks/SharedFileList.framework/Versions/A/SharedFileList
0x00000000024ba000 	/System/Library/Frameworks/NetFS.framework/Versions/A/NetFS
0x00000000024ba000 	/System/Library/PrivateFrameworks/NetAuth.framework/Versions/A/NetAuth
0x00000000024ba000 	/System/Library/PrivateFrameworks/login.framework/Versions/A/Frameworks/loginsupport.framework/Versions/A/loginsupport
0x00000000024ba000 	/System/Library/PrivateFrameworks/TCC.framework/Versions/A/TCC
0x00000000024ba000 	/usr/lib/libmecabra.dylib
0x00000000024ba000 	/System/Library/Frameworks/ApplicationServices.framework/Versions/A/Frameworks/ATS.framework/Versions/A/ATS
0x00000000024ba000 	/System/Library/Frameworks/ApplicationServices.framework/Versions/A/Frameworks/ColorSync.framework/Versions/A/ColorSync
0x00000000024ba000 	/System/Library/Frameworks/ApplicationServices.framework/Versions/A/Frameworks/HIServices.framework/Versions/A/HIServices
0x00000000024ba000 	/System/Library/Frameworks/ApplicationServices.framework/Versions/A/Frameworks/LangAnalysis.framework/Versions/A/LangAnalysis
0x00000000024ba000 	/System/Library/Frameworks/ApplicationServices.framework/Versions/A/Frameworks/PrintCore.framework/Versions/A/PrintCore
0x00000000024ba000 	/System/Library/Frameworks/ApplicationServices.framework/Versions/A/Frameworks/QD.framework/Versions/A/QD
0x00000000024ba000 	/System/Library/Frameworks/ApplicationServices.framework/Versions/A/Frameworks/SpeechSynthesis.framework/Versions/A/SpeechSynthesis
0x00000000024ba000 	/System/Library/Frameworks/Accelerate.framework/Versions/A/Frameworks/vImage.framework/Versions/A/vImage
0x00000000024ba000 	/System/Library/Frameworks/Accelerate.framework/Versions/A/Frameworks/vecLib.framework/Versions/A/vecLib
0x00000000024ba000 	/System/Library/Frameworks/Accelerate.framework/Versions/A/Frameworks/vecLib.framework/Versions/A/libvDSP.dylib
0x00000000024ba000 	/System/Library/Frameworks/Accelerate.framework/Versions/A/Frameworks/vecLib.framework/Versions/A/libBNNS.dylib
0x00000000024ba000 	/System/Library/Frameworks/Accelerate.framework/Versions/A/Frameworks/vecLib.framework/Versions/A/libQuadrature.dylib
0x00000000024ba000 	/System/Library/Frameworks/Accelerate.framework/Versions/A/Frameworks/vecLib.framework/Versions/A/libvMisc.dylib
0x00000000024ba000 	/System/Library/Frameworks/Accelerate.framework/Versions/A/Frameworks/vecLib.framework/Versions/A/libLAPACK.dylib
0x00000000024ba000 	/System/Library/Frameworks/Accelerate.framework/Versions/A/Frameworks/vecLib.framework/Versions/A/libBLAS.dylib
0x00000000024ba000 	/System/Library/Frameworks/Accelerate.framework/Versions/A/Frameworks/vecLib.framework/Versions/A/libLinearAlgebra.dylib
0x00000000024ba000 	/System/Library/Frameworks/Accelerate.framework/Versions/A/Frameworks/vecLib.framework/Versions/A/libSparseBLAS.dylib
0x00000000024ba000 	/System/Library/Frameworks/ApplicationServices.framework/Versions/A/Frameworks/ATS.framework/Versions/A/Resources/libFontParser.dylib
0x00000000024ba000 	/System/Library/Frameworks/ApplicationServices.framework/Versions/A/Frameworks/ATS.framework/Versions/A/Resources/libFontRegistry.dylib
0x00000000024ba000 	/System/Library/Frameworks/ImageIO.framework/Versions/A/Resources/libJPEG.dylib
0x00000000024ba000 	/System/Library/Frameworks/ImageIO.framework/Versions/A/Resources/libTIFF.dylib
0x00000000024ba000 	/System/Library/Frameworks/ImageIO.framework/Versions/A/Resources/libPng.dylib
0x00000000024ba000 	/System/Library/Frameworks/ImageIO.framework/Versions/A/Resources/libGIF.dylib
0x00000000024ba000 	/System/Library/Frameworks/ImageIO.framework/Versions/A/Resources/libJP2.dylib
0x00000000024ba000 	/System/Library/Frameworks/ImageIO.framework/Versions/A/Resources/libRadiance.dylib
0x00000000024ba000 	/usr/lib/libcompression.dylib
0x00000000024ba000 	/System/Library/PrivateFrameworks/AppleJPEG.framework/Versions/A/AppleJPEG
0x00000000024ba000 	/usr/lib/libcups.2.dylib
0x00000000024ba000 	/System/Library/Frameworks/Kerberos.framework/Versions/A/Kerberos
0x00000000024ba000 	/System/Library/Frameworks/GSS.framework/Versions/A/GSS
0x00000000024ba000 	/usr/lib/libresolv.9.dylib
0x00000000024ba000 	/usr/lib/libiconv.2.dylib
0x00000000024ba000 	/System/Library/PrivateFrameworks/Heimdal.framework/Versions/A/Heimdal
0x00000000024ba000 	/usr/lib/libheimdal-asn1.dylib
0x00000000024ba000 	/System/Library/Frameworks/OpenDirectory.framework/Versions/A/OpenDirectory
0x00000000024ba000 	/System/Library/PrivateFrameworks/CommonAuth.framework/Versions/A/CommonAuth
0x00000000024ba000 	/System/Library/Frameworks/OpenDirectory.framework/Versions/A/Frameworks/CFOpenDirectory.framework/Versions/A/CFOpenDirectory
0x00000000024ba000 	/System/Library/Frameworks/SecurityFoundation.framework/Versions/A/SecurityFoundation
0x00000000024ba000 	/System/Library/PrivateFrameworks/LanguageModeling.framework/Versions/A/LanguageModeling
0x00000000024ba000 	/usr/lib/libmarisa.dylib
0x00000000024ba000 	/usr/lib/libChineseTokenizer.dylib
0x00000000024ba000 	/usr/lib/libcmph.dylib
0x00000000024ba000 	/System/Library/PrivateFrameworks/CoreEmoji.framework/Versions/A/CoreEmoji
0x00000000024ba000 	/System/Library/Frameworks/ServiceManagement.framework/Versions/A/ServiceManagement
0x00000000024ba000 	/usr/lib/libxslt.1.dylib
0x00000000024ba000 	/System/Library/Frameworks/Carbon.framework/Versions/A/Frameworks/Ink.framework/Versions/A/Ink
0x00000000024ba000 	/System/Library/PrivateFrameworks/TextureIO.framework/Versions/A/TextureIO
0x00000000024ba000 	/System/Library/Frameworks/Metal.framework/Versions/A/Metal
0x00000000024ba000 	/usr/lib/libate.dylib
0x00000000024ba000 	/System/Library/PrivateFrameworks/GPUCompiler.framework/libmetal_timestamp.dylib
0x00000000024ba000 	/System/Library/Frameworks/OpenGL.framework/Versions/A/Libraries/libCoreFSCache.dylib
0x00000000024ba000 	/System/Library/PrivateFrameworks/IOAccelerator.framework/Versions/A/IOAccelerator
0x00000000024ba000 	/System/Library/Frameworks/CoreVideo.framework/Versions/A/CoreVideo
0x00000000024ba000 	/usr/lib/libFosl_dynamic.dylib
0x00000000024ba000 	/System/Library/PrivateFrameworks/MetalPerformanceShaders.framework/Versions/A/MetalPerformanceShaders
0x00000000024ba000 	/System/Library/PrivateFrameworks/FaceCore.framework/Versions/A/FaceCore
0x00000000024ba000 	/System/Library/Frameworks/OpenCL.framework/Versions/A/OpenCL
0x00000000024ba000 	/System/Library/Frameworks/OpenGL.framework/Versions/A/Libraries/libGLU.dylib
0x00000000024ba000 	/System/Library/Frameworks/OpenGL.framework/Versions/A/Libraries/libGFXShared.dylib
0x00000000024ba000 	/System/Library/Frameworks/OpenGL.framework/Versions/A/Libraries/libGL.dylib
0x00000000024ba000 	/System/Library/Frameworks/OpenGL.framework/Versions/A/Libraries/libGLImage.dylib
0x00000000024ba000 	/System/Library/Frameworks/OpenGL.framework/Versions/A/Libraries/libCVMSPluginSupport.dylib
0x00000000024ba000 	/System/Library/Frameworks/OpenGL.framework/Versions/A/Libraries/libCoreVMClient.dylib
0x00000000024ba000 	/System/Library/PrivateFrameworks/CrashReporterSupport.framework/Versions/A/CrashReporterSupport
0x00000000024ba000 	/System/Library/PrivateFrameworks/Sharing.framework/Versions/A/Sharing
0x00000000024ba000 	/System/Library/PrivateFrameworks/IconServices.framework/Versions/A/IconServices
0x00000000024ba000 	/System/Library/PrivateFrameworks/ProtocolBuffer.framework/Versions/A/ProtocolBuffer
0x00000000024ba000 	/System/Library/PrivateFrameworks/Apple80211.framework/Versions/A/Apple80211
0x00000000024ba000 	/System/Library/Frameworks/CoreWLAN.framework/Versions/A/CoreWLAN
0x00000000024ba000 	/System/Library/PrivateFrameworks/CoreUtils.framework/Versions/A/CoreUtils
0x00000000024ba000 	/System/Library/Frameworks/IOBluetooth.framework/Versions/A/IOBluetooth
0x00000000024ba000 	/System/Library/PrivateFrameworks/CoreWiFi.framework/Versions/A/CoreWiFi
0x00000000024ba000 	/System/Library/Frameworks/CoreBluetooth.framework/Versions/A/CoreBluetooth
0x00000000024ba000 	/System/Library/Frameworks/CoreDisplay.framework/Versions/A/CoreDisplay
0x00000000024ba000 	/System/Library/PrivateFrameworks/IOPresentment.framework/Versions/A/IOPresentment
0x00000000024ba000 	/System/Library/PrivateFrameworks/DebugSymbols.framework/Versions/A/DebugSymbols
0x00000000024ba000 	/System/Library/PrivateFrameworks/CoreSymbolication.framework/Versions/A/CoreSymbolication
0x00000000024ba000 	/System/Library/PrivateFrameworks/Symbolication.framework/Versions/A/Symbolication
0x00000000024ba000 	/System/Library/PrivateFrameworks/AppleFSCompression.framework/Versions/A/AppleFSCompression
0x00000000024ba000 	/System/Library/PrivateFrameworks/SpeechRecognitionCore.framework/Versions/A/SpeechRecognitionCore
0x00000000024ba000 	/System/Library/PrivateFrameworks/ChunkingLibrary.framework/Versions/A/ChunkingLibrary
0x0000000106200000 	/Library/Java/JavaVirtualMachines/jdk1.8.0_144.jdk/Contents/Home/jre/lib/server/libjvm.dylib
0x00000000024ba000 	/usr/lib/libstdc++.6.dylib
0x0000000105962000 	/Library/Java/JavaVirtualMachines/jdk1.8.0_144.jdk/Contents/Home/jre/lib/libverify.dylib
0x0000000105970000 	/Library/Java/JavaVirtualMachines/jdk1.8.0_144.jdk/Contents/Home/jre/lib/libjava.dylib
0x00000001059af000 	/Library/Java/JavaVirtualMachines/jdk1.8.0_144.jdk/Contents/Home/jre/lib/libzip.dylib
0x00000001059e1000 	/System/Library/Frameworks/JavaVM.framework/Frameworks/JavaRuntimeSupport.framework/JavaRuntimeSupport
0x0000000108ec3000 	/System/Library/Frameworks/JavaVM.framework/Versions/A/Frameworks/JavaNativeFoundation.framework/Versions/A/JavaNativeFoundation
0x000000011cb8c000 	/System/Library/Frameworks/JavaVM.framework/Versions/A/JavaVM
0x00000000024ba000 	/System/Library/Frameworks/Carbon.framework/Versions/A/Carbon
0x000000011cb99000 	/System/Library/PrivateFrameworks/JavaLaunching.framework/Versions/A/JavaLaunching
0x00000000024ba000 	/System/Library/Frameworks/Carbon.framework/Versions/A/Frameworks/CommonPanels.framework/Versions/A/CommonPanels
0x00000000024ba000 	/System/Library/Frameworks/Carbon.framework/Versions/A/Frameworks/Help.framework/Versions/A/Help
0x00000000024ba000 	/System/Library/Frameworks/Carbon.framework/Versions/A/Frameworks/ImageCapture.framework/Versions/A/ImageCapture
0x00000000024ba000 	/System/Library/Frameworks/Carbon.framework/Versions/A/Frameworks/OpenScripting.framework/Versions/A/OpenScripting
0x00000000024ba000 	/System/Library/Frameworks/Carbon.framework/Versions/A/Frameworks/Print.framework/Versions/A/Print
0x00000000024ba000 	/System/Library/Frameworks/Carbon.framework/Versions/A/Frameworks/SecurityHI.framework/Versions/A/SecurityHI
0x000000011e56d000 	/Library/Java/JavaVirtualMachines/jdk1.8.0_144.jdk/Contents/Home/jre/lib/libprism_es2.dylib
0x00000000024ba000 	/System/Library/Frameworks/OpenGL.framework/Versions/A/Resources/GLEngine.bundle/GLEngine
0x00000000024ba000 	/System/Library/Frameworks/OpenGL.framework/Versions/A/Libraries/libGLProgrammability.dylib
0x000000011e5d3000 	/System/Library/Extensions/AppleIntelBDWGraphicsGLDriver.bundle/Contents/MacOS/AppleIntelBDWGraphicsGLDriver
0x00000000024ba000 	/System/Library/PrivateFrameworks/GPUSupport.framework/Versions/A/Libraries/libGPUSupportMercury.dylib
0x00000000024ba000 	/System/Library/Frameworks/OpenGL.framework/Versions/A/Resources/GLRendererFloat.bundle/GLRendererFloat
0x00000000024ba000 	/System/Library/Frameworks/OpenCL.framework/Versions/A/Libraries/libcldcpuengine.dylib
0x00000000024ba000 	/usr/lib/libcrypto.0.9.8.dylib
0x00000000024ba000 	/System/Library/PrivateFrameworks/TrustEvaluationAgent.framework/Versions/A/TrustEvaluationAgent
0x000000011f13f000 	/Library/Java/JavaVirtualMachines/jdk1.8.0_144.jdk/Contents/Home/jre/lib/libglass.dylib
0x00000000024ba000 	/System/Library/PrivateFrameworks/CoreServicesInternal.framework/Versions/A/CoreServicesInternal
0x00000000024ba000 	/System/Library/CoreServices/RawCamera.bundle/Contents/MacOS/RawCamera
0x00000000024ba000 	/System/Library/Frameworks/Accelerate.framework/Versions/A/Frameworks/vImage.framework/Versions/A/Libraries/libCGInterfaces.dylib
0x00000000024ba000 	/System/Library/PrivateFrameworks/FamilyControls.framework/Versions/A/FamilyControls
0x00000000024ba000 	/System/Library/PrivateFrameworks/CommerceKit.framework/Versions/A/Frameworks/CommerceCore.framework/Versions/A/CommerceCore
0x00000000024ba000 	/System/Library/PrivateFrameworks/SystemAdministration.framework/Versions/A/SystemAdministration
0x00000000024ba000 	/System/Library/PrivateFrameworks/AppContainer.framework/Versions/A/AppContainer
0x00000000024ba000 	/System/Library/PrivateFrameworks/SecCodeWrapper.framework/Versions/A/SecCodeWrapper
0x00000000024ba000 	/System/Library/Frameworks/DirectoryService.framework/Versions/A/DirectoryService
0x00000000024ba000 	/System/Library/PrivateFrameworks/DiskImages.framework/Versions/A/DiskImages
0x00000000024ba000 	/System/Library/PrivateFrameworks/LoginUIKit.framework/Versions/A/Frameworks/LoginUICore.framework/Versions/A/LoginUICore
0x00000000024ba000 	/usr/lib/libCoreStorage.dylib
0x00000000024ba000 	/usr/lib/libcsfde.dylib
0x00000000024ba000 	/usr/lib/libodfde.dylib
0x00000000024ba000 	/System/Library/Frameworks/DiscRecording.framework/Versions/A/DiscRecording
0x00000000024ba000 	/usr/lib/libcurl.4.dylib
0x00000000024ba000 	/System/Library/PrivateFrameworks/MediaKit.framework/Versions/A/MediaKit
0x00000000024ba000 	/System/Library/PrivateFrameworks/ProtectedCloudStorage.framework/Versions/A/ProtectedCloudStorage
0x00000000024ba000 	/System/Library/PrivateFrameworks/EFILogin.framework/Versions/A/EFILogin
0x00000000024ba000 	/usr/lib/libutil.dylib
0x00000000024ba000 	/System/Library/Frameworks/LDAP.framework/Versions/A/LDAP
0x00000000024ba000 	/usr/lib/libsasl2.2.dylib
0x00000000024ba000 	/System/Library/PrivateFrameworks/CoreDaemon.framework/Versions/B/CoreDaemon
0x00000000024ba000 	/System/Library/PrivateFrameworks/AppleSRP.framework/Versions/A/AppleSRP
0x00000000024ba000 	/System/Library/PrivateFrameworks/APFS.framework/Versions/A/APFS
0x000000011f2b7000 	/Library/Java/JavaVirtualMachines/jdk1.8.0_144.jdk/Contents/Home/jre/lib/libjavafx_font.dylib
0x00000000024ba000 	/System/Library/Frameworks/ApplicationServices.framework/Versions/A/Frameworks/ATS.framework/Versions/A/Resources/libTrueTypeScaler.dylib
0x0000000122dc6000 	/Library/Java/JavaVirtualMachines/jdk1.8.0_144.jdk/Contents/Home/jre/lib/libawt.dylib
0x0000000122e6e000 	/Library/Java/JavaVirtualMachines/jdk1.8.0_144.jdk/Contents/Home/jre/lib/./libmlib_image.dylib
0x0000000122f3a000 	/Library/Java/JavaVirtualMachines/jdk1.8.0_144.jdk/Contents/Home/jre/lib/libawt_lwawt.dylib
0x0000000122ff1000 	/Library/Java/JavaVirtualMachines/jdk1.8.0_144.jdk/Contents/Home/jre/lib/./libosxapp.dylib
0x00000000024ba000 	/System/Library/Frameworks/ExceptionHandling.framework/Versions/A/ExceptionHandling
0x0000000123a48000 	/Library/Java/JavaVirtualMachines/jdk1.8.0_144.jdk/Contents/Home/jre/lib/libjpeg.dylib
0x000000012755d000 	/Library/Java/JavaVirtualMachines/jdk1.8.0_144.jdk/Contents/Home/jre/lib/libprism_common.dylib
0x000000012a5c2000 	/System/Library/Extensions/AppleIntelBDWGraphicsMTLDriver.bundle/Contents/MacOS/AppleIntelBDWGraphicsMTLDriver
0x00000000024ba000 	/System/Library/PrivateFrameworks/ViewBridge.framework/Versions/A/ViewBridge
0x00000000024ba000 	/System/Library/PrivateFrameworks/XPCService.framework/Versions/A/XPCService
0x00000000024ba000 	/System/Library/PrivateFrameworks/AppSandbox.framework/Versions/A/AppSandbox
0x00000000024ba000 	/usr/lib/libsandbox.1.dylib
0x00000000024ba000 	/usr/lib/libMatch.1.dylib
0x000000011ff64000 	/Library/Java/JavaVirtualMachines/jdk1.8.0_144.jdk/Contents/Home/jre/lib/libnet.dylib
0x000000011ff7b000 	/Library/Java/JavaVirtualMachines/jdk1.8.0_144.jdk/Contents/Home/jre/lib/libnio.dylib
0x00000001304a8000 	/Library/Java/JavaVirtualMachines/jdk1.8.0_144.jdk/Contents/Home/jre/lib/libjfxwebkit.dylib
0x0000000121f1d000 	/Library/Java/JavaVirtualMachines/jdk1.8.0_144.jdk/Contents/Home/jre/lib/libsunec.dylib

VM Arguments:
jvm_args: -Dfile.encoding=UTF-8 
java_command: csg.CourseSiteGeneratorApp
java_class_path (initial): /Users/bingling.dong/Desktop/CSE219/Project/Wg/libs/javax.json-1.0.4.jar:/Users/bingling.dong/Desktop/CSE219/Project/Wg/libs/DesktopJavaFramework/build/classes:/Users/bingling.dong/Desktop/CSE219/Project/Wg/libs/jTPS/build/classes:/Users/bingling.dong/Desktop/CSE219/Project/Wg/libs/PropertiesManager/build/classes:/Users/bingling.dong/Desktop/CSE219/Project/Wg/libs/org.apache.commons.io.jar:/Users/bingling.dong/Desktop/CSE219/Project/Wg/apps/WebsiteGenerator/build/classes
Launcher Type: SUN_STANDARD

Environment Variables:
PATH=/usr/bin:/bin:/usr/sbin:/sbin
LD_LIBRARY_PATH=/Library/Java/JavaVirtualMachines/jdk1.8.0_144.jdk/Contents/Home/jre/lib/amd64:/Library/Java/JavaVirtualMachines/jdk1.8.0_144.jdk/Contents/Home/jre/lib/i386:
SHELL=/bin/bash

Signal Handlers:
SIGSEGV: [libjvm.dylib+0x5b26e5], sa_mask[0]=11111111011111110111111111111111, sa_flags=SA_ONSTACK|SA_RESTART|SA_SIGINFO
SIGBUS: [libjvm.dylib+0x5b26e5], sa_mask[0]=11111111011111110111111111111111, sa_flags=SA_RESTART|SA_SIGINFO
SIGFPE: [libjvm.dylib+0x489100], sa_mask[0]=11111111011111110111111111111111, sa_flags=SA_RESTART|SA_SIGINFO
SIGPIPE: [libjvm.dylib+0x489100], sa_mask[0]=11111111011111110111111111111111, sa_flags=SA_RESTART|SA_SIGINFO
SIGXFSZ: [libjvm.dylib+0x489100], sa_mask[0]=11111111011111110111111111111111, sa_flags=SA_RESTART|SA_SIGINFO
SIGILL: [libjvm.dylib+0x489100], sa_mask[0]=11111111011111110111111111111111, sa_flags=SA_RESTART|SA_SIGINFO
SIGUSR1: SIG_DFL, sa_mask[0]=00000000000000000000000000000000, sa_flags=none
SIGUSR2: [libjvm.dylib+0x488c1e], sa_mask[0]=00100000000000000000000000000000, sa_flags=SA_RESTART|SA_SIGINFO
SIGHUP: [libjvm.dylib+0x4871f5], sa_mask[0]=11111111011111110111111111111111, sa_flags=SA_RESTART|SA_SIGINFO
SIGINT: SIG_IGN, sa_mask[0]=00000000000000000000000000000000, sa_flags=none
SIGTERM: [libjvm.dylib+0x4871f5], sa_mask[0]=11111111011111110111111111111111, sa_flags=SA_RESTART|SA_SIGINFO
SIGQUIT: [libjvm.dylib+0x4871f5], sa_mask[0]=11111111011111110111111111111111, sa_flags=SA_RESTART|SA_SIGINFO


---------------  S Y S T E M  ---------------

OS:Bsduname:Darwin 16.1.0 Darwin Kernel Version 16.1.0: Wed Oct 19 20:31:56 PDT 2016; root:xnu-3789.21.4~4/RELEASE_X86_64 x86_64
rlimit: STACK 8192k, CORE 0k, NPROC 709, NOFILE 10240, AS infinity
load average:3.74 2.87 2.52

CPU:total 4 (initial active 4) (2 cores per cpu, 2 threads per core) family 6 model 61 stepping 4, cmov, cx8, fxsr, mmx, sse, sse2, sse3, ssse3, sse4.1, sse4.2, popcnt, avx, avx2, aes, clmul, erms, 3dnowpref, lzcnt, ht, tsc, tscinvbit, bmi1, bmi2, adx

Memory: 4k page, physical 8388608k(19768k free)

/proc/meminfo:


vm_info: Java HotSpot(TM) 64-Bit Server VM (25.144-b01) for bsd-amd64 JRE (1.8.0_144-b01), built on Jul 21 2017 22:07:42 by "java_re" with gcc 4.2.1 (Based on Apple Inc. build 5658) (LLVM build 2336.11.00)

time: Sat Dec  8 19:09:23 2018
elapsed time: 16 seconds (0d 0h 0m 16s)

